info: Microsoft.AspNetCore.DataProtection.KeyManagement.XmlKeyManager[0]
      User profile not available. Using 'HKEY_LOCAL_MACHINE\SOFTWARE\Microsoft\ASP.NET\4.0.30319.0\AutoGenKeys\S-1-5-82-1252752990-280280761-1470359842-205448402-368058995\DataProtection' as key repository and Windows DPAPI to encrypt keys at rest.
Hosting environment: Development
Content root path: D:\My Work\Cors\WebApplicationCore\WebApplicationCore\WebApplicationCore
Application started. Press Ctrl+C to shut down.
info: Microsoft.AspNetCore.Hosting.Internal.WebHost[1]
      Request starting HTTP/1.1 GET http://localhost:8050/api/values  
info: Microsoft.AspNetCore.Routing.EndpointMiddleware[0]
      Executing endpoint 'WebApplicationCore.Controllers.ValuesController.Get (WebApplicationCore)'
info: Microsoft.AspNetCore.Mvc.Internal.ControllerActionInvoker[3]
      Route matched with {action = "Get", controller = "Values"}. Executing controller action with signature Microsoft.AspNetCore.Mvc.ActionResult`1[System.Collections.Generic.IEnumerable`1[System.String]] Get() on controller WebApplicationCore.Controllers.ValuesController (WebApplicationCore).
info: Microsoft.AspNetCore.Mvc.Internal.ControllerActionInvoker[1]
      Executing action method WebApplicationCore.Controllers.ValuesController.Get (WebApplicationCore) - Validation state: Valid
info: Microsoft.AspNetCore.Mvc.Internal.ControllerActionInvoker[2]
      Executed action method WebApplicationCore.Controllers.ValuesController.Get (WebApplicationCore), returned result Microsoft.AspNetCore.Mvc.ObjectResult in 16.4369ms.
info: Microsoft.AspNetCore.Mvc.Infrastructure.ObjectResultExecutor[1]
      Executing ObjectResult, writing value of type 'System.String[]'.
info: Microsoft.AspNetCore.Mvc.Internal.ControllerActionInvoker[2]
      Executed action WebApplicationCore.Controllers.ValuesController.Get (WebApplicationCore) in 245.6045ms
info: Microsoft.AspNetCore.Routing.EndpointMiddleware[1]
      Executed endpoint 'WebApplicationCore.Controllers.ValuesController.Get (WebApplicationCore)'
info: Microsoft.AspNetCore.Hosting.Internal.WebHost[2]
      Request finished in 391.2995ms 200 application/json; charset=utf-8
info: Microsoft.AspNetCore.Hosting.Internal.WebHost[1]
      Request starting HTTP/1.1 GET http://localhost:8050/api/values  
info: Microsoft.AspNetCore.Routing.EndpointMiddleware[0]
      Executing endpoint 'WebApplicationCore.Controllers.ValuesController.Get (WebApplicationCore)'
info: Microsoft.AspNetCore.Mvc.Internal.ControllerActionInvoker[3]
      Route matched with {action = "Get", controller = "Values"}. Executing controller action with signature Microsoft.AspNetCore.Mvc.ActionResult`1[System.Collections.Generic.IEnumerable`1[System.String]] Get() on controller WebApplicationCore.Controllers.ValuesController (WebApplicationCore).
info: Microsoft.AspNetCore.Mvc.Internal.ControllerActionInvoker[1]
      Executing action method WebApplicationCore.Controllers.ValuesController.Get (WebApplicationCore) - Validation state: Valid
info: Microsoft.AspNetCore.Mvc.Internal.ControllerActionInvoker[2]
      Executed action method WebApplicationCore.Controllers.ValuesController.Get (WebApplicationCore), returned result Microsoft.AspNetCore.Mvc.ObjectResult in 1.2497ms.
info: Microsoft.AspNetCore.Mvc.Infrastructure.ObjectResultExecutor[1]
      Executing ObjectResult, writing value of type 'System.String[]'.
info: Microsoft.AspNetCore.Mvc.Internal.ControllerActionInvoker[2]
      Executed action WebApplicationCore.Controllers.ValuesController.Get (WebApplicationCore) in 3.1321ms
info: Microsoft.AspNetCore.Routing.EndpointMiddleware[1]
      Executed endpoint 'WebApplicationCore.Controllers.ValuesController.Get (WebApplicationCore)'
info: Microsoft.AspNetCore.Hosting.Internal.WebHost[2]
      Request finished in 7.6386ms 200 application/json; charset=utf-8
info: Microsoft.AspNetCore.Hosting.Internal.WebHost[1]
      Request starting HTTP/1.1 GET http://localhost:8050/api/values  
info: Microsoft.AspNetCore.Routing.EndpointMiddleware[0]
      Executing endpoint 'WebApplicationCore.Controllers.ValuesController.Get (WebApplicationCore)'
info: Microsoft.AspNetCore.Mvc.Internal.ControllerActionInvoker[3]
      Route matched with {action = "Get", controller = "Values"}. Executing controller action with signature Microsoft.AspNetCore.Mvc.ActionResult`1[System.Collections.Generic.IEnumerable`1[System.String]] Get() on controller WebApplicationCore.Controllers.ValuesController (WebApplicationCore).
info: Microsoft.AspNetCore.Mvc.Internal.ControllerActionInvoker[1]
      Executing action method WebApplicationCore.Controllers.ValuesController.Get (WebApplicationCore) - Validation state: Valid
info: Microsoft.AspNetCore.Mvc.Internal.ControllerActionInvoker[2]
      Executed action method WebApplicationCore.Controllers.ValuesController.Get (WebApplicationCore), returned result Microsoft.AspNetCore.Mvc.ObjectResult in 1.6268ms.
info: Microsoft.AspNetCore.Mvc.Infrastructure.ObjectResultExecutor[1]
      Executing ObjectResult, writing value of type 'System.String[]'.
info: Microsoft.AspNetCore.Mvc.Internal.ControllerActionInvoker[2]
      Executed action WebApplicationCore.Controllers.ValuesController.Get (WebApplicationCore) in 2.1731ms
info: Microsoft.AspNetCore.Routing.EndpointMiddleware[1]
      Executed endpoint 'WebApplicationCore.Controllers.ValuesController.Get (WebApplicationCore)'
info: Microsoft.AspNetCore.Hosting.Internal.WebHost[2]
      Request finished in 3.1076ms 200 application/json; charset=utf-8
info: Microsoft.AspNetCore.Hosting.Internal.WebHost[1]
      Request starting HTTP/1.1 GET http://localhost:8050/api/values  
info: Microsoft.AspNetCore.Routing.EndpointMiddleware[0]
      Executing endpoint 'WebApplicationCore.Controllers.ValuesController.Get (WebApplicationCore)'
info: Microsoft.AspNetCore.Mvc.Internal.ControllerActionInvoker[3]
      Route matched with {action = "Get", controller = "Values"}. Executing controller action with signature Microsoft.AspNetCore.Mvc.ActionResult`1[System.Collections.Generic.IEnumerable`1[System.String]] Get() on controller WebApplicationCore.Controllers.ValuesController (WebApplicationCore).
info: Microsoft.AspNetCore.Mvc.Internal.ControllerActionInvoker[1]
      Executing action method WebApplicationCore.Controllers.ValuesController.Get (WebApplicationCore) - Validation state: Valid
info: Microsoft.AspNetCore.Mvc.Internal.ControllerActionInvoker[2]
      Executed action method WebApplicationCore.Controllers.ValuesController.Get (WebApplicationCore), returned result Microsoft.AspNetCore.Mvc.ObjectResult in 0.7106ms.
info: Microsoft.AspNetCore.Mvc.Infrastructure.ObjectResultExecutor[1]
      Executing ObjectResult, writing value of type 'System.String[]'.
info: Microsoft.AspNetCore.Mvc.Internal.ControllerActionInvoker[2]
      Executed action WebApplicationCore.Controllers.ValuesController.Get (WebApplicationCore) in 1.0133ms
info: Microsoft.AspNetCore.Routing.EndpointMiddleware[1]
      Executed endpoint 'WebApplicationCore.Controllers.ValuesController.Get (WebApplicationCore)'
info: Microsoft.AspNetCore.Hosting.Internal.WebHost[2]
      Request finished in 1.4286ms 200 application/json; charset=utf-8
info: Microsoft.AspNetCore.Hosting.Internal.WebHost[1]
      Request starting HTTP/1.1 GET http://localhost:8050/api/values  
info: Microsoft.AspNetCore.Routing.EndpointMiddleware[0]
      Executing endpoint 'WebApplicationCore.Controllers.ValuesController.Get (WebApplicationCore)'
info: Microsoft.AspNetCore.Mvc.Internal.ControllerActionInvoker[3]
      Route matched with {action = "Get", controller = "Values"}. Executing controller action with signature Microsoft.AspNetCore.Mvc.ActionResult`1[System.Collections.Generic.IEnumerable`1[System.String]] Get() on controller WebApplicationCore.Controllers.ValuesController (WebApplicationCore).
info: Microsoft.AspNetCore.Mvc.Internal.ControllerActionInvoker[1]
      Executing action method WebApplicationCore.Controllers.ValuesController.Get (WebApplicationCore) - Validation state: Valid
info: Microsoft.AspNetCore.Mvc.Internal.ControllerActionInvoker[2]
      Executed action method WebApplicationCore.Controllers.ValuesController.Get (WebApplicationCore), returned result Microsoft.AspNetCore.Mvc.ObjectResult in 0.7357ms.
info: Microsoft.AspNetCore.Mvc.Infrastructure.ObjectResultExecutor[1]
      Executing ObjectResult, writing value of type 'System.String[]'.
info: Microsoft.AspNetCore.Mvc.Internal.ControllerActionInvoker[2]
      Executed action WebApplicationCore.Controllers.ValuesController.Get (WebApplicationCore) in 2.9959ms
info: Microsoft.AspNetCore.Routing.EndpointMiddleware[1]
      Executed endpoint 'WebApplicationCore.Controllers.ValuesController.Get (WebApplicationCore)'
info: Microsoft.AspNetCore.Hosting.Internal.WebHost[2]
      Request finished in 3.4814ms 200 application/json; charset=utf-8
info: Microsoft.AspNetCore.Hosting.Internal.WebHost[1]
      Request starting HTTP/1.1 OPTIONS http://localhost:8050/api/values  
info: Microsoft.AspNetCore.Hosting.Internal.WebHost[2]
      Request finished in 4.1325ms 200 
info: Microsoft.AspNetCore.Hosting.Internal.WebHost[1]
      Request starting HTTP/1.1 GET http://localhost:8050/api/values  
info: Microsoft.AspNetCore.Cors.Infrastructure.CorsService[4]
      CORS policy execution successful.
info: Microsoft.AspNetCore.Routing.EndpointMiddleware[0]
      Executing endpoint 'WebApplicationCore.Controllers.ValuesController.Get (WebApplicationCore)'
info: Microsoft.AspNetCore.Mvc.Internal.ControllerActionInvoker[3]
      Route matched with {action = "Get", controller = "Values"}. Executing controller action with signature Microsoft.AspNetCore.Mvc.ActionResult`1[System.Collections.Generic.IEnumerable`1[System.String]] Get() on controller WebApplicationCore.Controllers.ValuesController (WebApplicationCore).
info: Microsoft.AspNetCore.Mvc.Internal.ControllerActionInvoker[1]
      Executing action method WebApplicationCore.Controllers.ValuesController.Get (WebApplicationCore) - Validation state: Valid
info: Microsoft.AspNetCore.Mvc.Internal.ControllerActionInvoker[2]
      Executed action method WebApplicationCore.Controllers.ValuesController.Get (WebApplicationCore), returned result Microsoft.AspNetCore.Mvc.ObjectResult in 0.893ms.
info: Microsoft.AspNetCore.Mvc.Infrastructure.ObjectResultExecutor[1]
      Executing ObjectResult, writing value of type 'System.String[]'.
info: Microsoft.AspNetCore.Mvc.Internal.ControllerActionInvoker[2]
      Executed action WebApplicationCore.Controllers.ValuesController.Get (WebApplicationCore) in 3.0583ms
info: Microsoft.AspNetCore.Routing.EndpointMiddleware[1]
      Executed endpoint 'WebApplicationCore.Controllers.ValuesController.Get (WebApplicationCore)'
info: Microsoft.AspNetCore.Hosting.Internal.WebHost[2]
      Request finished in 14.9879ms 200 application/json; charset=utf-8
Application is shutting down...
