info: Microsoft.AspNetCore.DataProtection.KeyManagement.XmlKeyManager[0]
      User profile not available. Using 'HKEY_LOCAL_MACHINE\SOFTWARE\Microsoft\ASP.NET\4.0.30319.0\AutoGenKeys\S-1-5-82-1252752990-280280761-1470359842-205448402-368058995\DataProtection' as key repository and Windows DPAPI to encrypt keys at rest.
Hosting environment: Development
Content root path: C:\Users\mohamed.mahlies\source\repos\WebApplicationCore\WebApplicationCore
Application started. Press Ctrl+C to shut down.
info: Microsoft.AspNetCore.Hosting.Internal.WebHost[1]
      Request starting HTTP/1.1 GET http://localhost:15000/api/values  
info: Microsoft.AspNetCore.Routing.EndpointMiddleware[0]
      Executing endpoint 'WebApplicationCore.Controllers.ValuesController.Get (WebApplicationCore)'
info: Microsoft.AspNetCore.Mvc.Internal.ControllerActionInvoker[3]
      Route matched with {action = "Get", controller = "Values"}. Executing controller action with signature Microsoft.AspNetCore.Mvc.ActionResult`1[System.Collections.Generic.IEnumerable`1[System.String]] Get() on controller WebApplicationCore.Controllers.ValuesController (WebApplicationCore).
info: Microsoft.AspNetCore.Mvc.Internal.ControllerActionInvoker[1]
      Executing action method WebApplicationCore.Controllers.ValuesController.Get (WebApplicationCore) - Validation state: Valid
info: Microsoft.AspNetCore.Mvc.Internal.ControllerActionInvoker[2]
      Executed action method WebApplicationCore.Controllers.ValuesController.Get (WebApplicationCore), returned result Microsoft.AspNetCore.Mvc.ObjectResult in 5.1622ms.
info: Microsoft.AspNetCore.Mvc.Infrastructure.ObjectResultExecutor[1]
      Executing ObjectResult, writing value of type 'System.String[]'.
info: Microsoft.AspNetCore.Mvc.Internal.ControllerActionInvoker[2]
      Executed action WebApplicationCore.Controllers.ValuesController.Get (WebApplicationCore) in 55.1833ms
info: Microsoft.AspNetCore.Routing.EndpointMiddleware[1]
      Executed endpoint 'WebApplicationCore.Controllers.ValuesController.Get (WebApplicationCore)'
info: Microsoft.AspNetCore.Hosting.Internal.WebHost[2]
      Request finished in 99.2901ms 200 application/json; charset=utf-8
info: Microsoft.AspNetCore.Hosting.Internal.WebHost[1]
      Request starting HTTP/1.1 GET http://localhost:15000/api/values  
info: Microsoft.AspNetCore.Cors.Infrastructure.CorsService[4]
      CORS policy execution successful.
info: Microsoft.AspNetCore.Routing.EndpointMiddleware[0]
      Executing endpoint 'WebApplicationCore.Controllers.ValuesController.Get (WebApplicationCore)'
info: Microsoft.AspNetCore.Mvc.Internal.ControllerActionInvoker[3]
      Route matched with {action = "Get", controller = "Values"}. Executing controller action with signature Microsoft.AspNetCore.Mvc.ActionResult`1[System.Collections.Generic.IEnumerable`1[System.String]] Get() on controller WebApplicationCore.Controllers.ValuesController (WebApplicationCore).
info: Microsoft.AspNetCore.Mvc.Internal.ControllerActionInvoker[1]
      Executing action method WebApplicationCore.Controllers.ValuesController.Get (WebApplicationCore) - Validation state: Valid
info: Microsoft.AspNetCore.Mvc.Internal.ControllerActionInvoker[2]
      Executed action method WebApplicationCore.Controllers.ValuesController.Get (WebApplicationCore), returned result Microsoft.AspNetCore.Mvc.ObjectResult in 0.4243ms.
info: Microsoft.AspNetCore.Mvc.Infrastructure.ObjectResultExecutor[1]
      Executing ObjectResult, writing value of type 'System.String[]'.
info: Microsoft.AspNetCore.Mvc.Internal.ControllerActionInvoker[2]
      Executed action WebApplicationCore.Controllers.ValuesController.Get (WebApplicationCore) in 1.7439ms
info: Microsoft.AspNetCore.Routing.EndpointMiddleware[1]
      Executed endpoint 'WebApplicationCore.Controllers.ValuesController.Get (WebApplicationCore)'
info: Microsoft.AspNetCore.Hosting.Internal.WebHost[2]
      Request finished in 4.5087ms 200 application/json; charset=utf-8
info: Microsoft.AspNetCore.Hosting.Internal.WebHost[1]
      Request starting HTTP/1.1 GET http://localhost:15000/api/values  
info: Microsoft.AspNetCore.Routing.EndpointMiddleware[0]
      Executing endpoint 'WebApplicationCore.Controllers.ValuesController.Get (WebApplicationCore)'
info: Microsoft.AspNetCore.Mvc.Internal.ControllerActionInvoker[3]
      Route matched with {action = "Get", controller = "Values"}. Executing controller action with signature Microsoft.AspNetCore.Mvc.ActionResult`1[System.Collections.Generic.IEnumerable`1[System.String]] Get() on controller WebApplicationCore.Controllers.ValuesController (WebApplicationCore).
info: Microsoft.AspNetCore.Mvc.Internal.ControllerActionInvoker[1]
      Executing action method WebApplicationCore.Controllers.ValuesController.Get (WebApplicationCore) - Validation state: Valid
info: Microsoft.AspNetCore.Mvc.Internal.ControllerActionInvoker[2]
      Executed action method WebApplicationCore.Controllers.ValuesController.Get (WebApplicationCore), returned result Microsoft.AspNetCore.Mvc.ObjectResult in 0.6312ms.
info: Microsoft.AspNetCore.Mvc.Infrastructure.ObjectResultExecutor[1]
      Executing ObjectResult, writing value of type 'System.String[]'.
info: Microsoft.AspNetCore.Mvc.Internal.ControllerActionInvoker[2]
      Executed action WebApplicationCore.Controllers.ValuesController.Get (WebApplicationCore) in 1.3493ms
info: Microsoft.AspNetCore.Routing.EndpointMiddleware[1]
      Executed endpoint 'WebApplicationCore.Controllers.ValuesController.Get (WebApplicationCore)'
info: Microsoft.AspNetCore.Hosting.Internal.WebHost[2]
      Request finished in 1.7552ms 200 application/json; charset=utf-8
info: Microsoft.AspNetCore.Hosting.Internal.WebHost[1]
      Request starting HTTP/1.1 GET http://localhost:15000/api/values  
info: Microsoft.AspNetCore.Routing.EndpointMiddleware[0]
      Executing endpoint 'WebApplicationCore.Controllers.ValuesController.Get (WebApplicationCore)'
info: Microsoft.AspNetCore.Mvc.Internal.ControllerActionInvoker[3]
      Route matched with {action = "Get", controller = "Values"}. Executing controller action with signature Microsoft.AspNetCore.Mvc.ActionResult`1[System.Collections.Generic.IEnumerable`1[System.String]] Get() on controller WebApplicationCore.Controllers.ValuesController (WebApplicationCore).
info: Microsoft.AspNetCore.Mvc.Internal.ControllerActionInvoker[1]
      Executing action method WebApplicationCore.Controllers.ValuesController.Get (WebApplicationCore) - Validation state: Valid
info: Microsoft.AspNetCore.Mvc.Internal.ControllerActionInvoker[2]
      Executed action method WebApplicationCore.Controllers.ValuesController.Get (WebApplicationCore), returned result Microsoft.AspNetCore.Mvc.ObjectResult in 0.6848ms.
info: Microsoft.AspNetCore.Mvc.Infrastructure.ObjectResultExecutor[1]
      Executing ObjectResult, writing value of type 'System.String[]'.
info: Microsoft.AspNetCore.Mvc.Internal.ControllerActionInvoker[2]
      Executed action WebApplicationCore.Controllers.ValuesController.Get (WebApplicationCore) in 1.1243ms
info: Microsoft.AspNetCore.Routing.EndpointMiddleware[1]
      Executed endpoint 'WebApplicationCore.Controllers.ValuesController.Get (WebApplicationCore)'
info: Microsoft.AspNetCore.Hosting.Internal.WebHost[2]
      Request finished in 1.3406ms 200 application/json; charset=utf-8
info: Microsoft.AspNetCore.Hosting.Internal.WebHost[1]
      Request starting HTTP/1.1 GET http://localhost:15000/api/values  
info: Microsoft.AspNetCore.Routing.EndpointMiddleware[0]
      Executing endpoint 'WebApplicationCore.Controllers.ValuesController.Get (WebApplicationCore)'
info: Microsoft.AspNetCore.Mvc.Internal.ControllerActionInvoker[3]
      Route matched with {action = "Get", controller = "Values"}. Executing controller action with signature Microsoft.AspNetCore.Mvc.ActionResult`1[System.Collections.Generic.IEnumerable`1[System.String]] Get() on controller WebApplicationCore.Controllers.ValuesController (WebApplicationCore).
info: Microsoft.AspNetCore.Mvc.Internal.ControllerActionInvoker[1]
      Executing action method WebApplicationCore.Controllers.ValuesController.Get (WebApplicationCore) - Validation state: Valid
info: Microsoft.AspNetCore.Mvc.Internal.ControllerActionInvoker[2]
      Executed action method WebApplicationCore.Controllers.ValuesController.Get (WebApplicationCore), returned result Microsoft.AspNetCore.Mvc.ObjectResult in 0.7581ms.
info: Microsoft.AspNetCore.Mvc.Infrastructure.ObjectResultExecutor[1]
      Executing ObjectResult, writing value of type 'System.String[]'.
info: Microsoft.AspNetCore.Mvc.Internal.ControllerActionInvoker[2]
      Executed action WebApplicationCore.Controllers.ValuesController.Get (WebApplicationCore) in 1.2311ms
info: Microsoft.AspNetCore.Routing.EndpointMiddleware[1]
      Executed endpoint 'WebApplicationCore.Controllers.ValuesController.Get (WebApplicationCore)'
info: Microsoft.AspNetCore.Hosting.Internal.WebHost[2]
      Request finished in 1.7193ms 200 application/json; charset=utf-8
info: Microsoft.AspNetCore.Hosting.Internal.WebHost[1]
      Request starting HTTP/1.1 OPTIONS http://localhost:15000/api/values  
info: Microsoft.AspNetCore.Hosting.Internal.WebHost[2]
      Request finished in 1.7816ms 200 
info: Microsoft.AspNetCore.Hosting.Internal.WebHost[1]
      Request starting HTTP/1.1 GET http://localhost:15000/api/values  
info: Microsoft.AspNetCore.Cors.Infrastructure.CorsService[4]
      CORS policy execution successful.
info: Microsoft.AspNetCore.Routing.EndpointMiddleware[0]
      Executing endpoint 'WebApplicationCore.Controllers.ValuesController.Get (WebApplicationCore)'
info: Microsoft.AspNetCore.Mvc.Internal.ControllerActionInvoker[3]
      Route matched with {action = "Get", controller = "Values"}. Executing controller action with signature Microsoft.AspNetCore.Mvc.ActionResult`1[System.Collections.Generic.IEnumerable`1[System.String]] Get() on controller WebApplicationCore.Controllers.ValuesController (WebApplicationCore).
info: Microsoft.AspNetCore.Mvc.Internal.ControllerActionInvoker[1]
      Executing action method WebApplicationCore.Controllers.ValuesController.Get (WebApplicationCore) - Validation state: Valid
info: Microsoft.AspNetCore.Mvc.Internal.ControllerActionInvoker[2]
      Executed action method WebApplicationCore.Controllers.ValuesController.Get (WebApplicationCore), returned result Microsoft.AspNetCore.Mvc.ObjectResult in 0.3488ms.
info: Microsoft.AspNetCore.Mvc.Infrastructure.ObjectResultExecutor[1]
      Executing ObjectResult, writing value of type 'System.String[]'.
info: Microsoft.AspNetCore.Mvc.Internal.ControllerActionInvoker[2]
      Executed action WebApplicationCore.Controllers.ValuesController.Get (WebApplicationCore) in 0.6029ms
info: Microsoft.AspNetCore.Routing.EndpointMiddleware[1]
      Executed endpoint 'WebApplicationCore.Controllers.ValuesController.Get (WebApplicationCore)'
info: Microsoft.AspNetCore.Hosting.Internal.WebHost[2]
      Request finished in 0.88ms 200 application/json; charset=utf-8
Application is shutting down...
