info: Microsoft.AspNetCore.DataProtection.KeyManagement.XmlKeyManager[0]
      User profile not available. Using 'HKEY_LOCAL_MACHINE\SOFTWARE\Microsoft\ASP.NET\4.0.30319.0\AutoGenKeys\S-1-5-82-1252752990-280280761-1470359842-205448402-368058995\DataProtection' as key repository and Windows DPAPI to encrypt keys at rest.
Hosting environment: Development
Content root path: D:\My Work\Cors\WebApplicationCore\WebApplicationCore\WebApplicationCore
Application started. Press Ctrl+C to shut down.
info: Microsoft.AspNetCore.Hosting.Internal.WebHost[1]
      Request starting HTTP/1.1 GET http://localhost:8050/api/values  
info: Microsoft.AspNetCore.Cors.Infrastructure.CorsService[4]
      CORS policy execution successful.
info: Microsoft.AspNetCore.Routing.EndpointMiddleware[0]
      Executing endpoint 'WebApplicationCore.Controllers.ValuesController.Get (WebApplicationCore)'
info: Microsoft.AspNetCore.Mvc.Internal.ControllerActionInvoker[3]
      Route matched with {action = "Get", controller = "Values"}. Executing controller action with signature Microsoft.AspNetCore.Mvc.ActionResult`1[System.Collections.Generic.IEnumerable`1[System.String]] Get() on controller WebApplicationCore.Controllers.ValuesController (WebApplicationCore).
info: Microsoft.AspNetCore.Mvc.Internal.ControllerActionInvoker[1]
      Executing action method WebApplicationCore.Controllers.ValuesController.Get (WebApplicationCore) - Validation state: Valid
info: Microsoft.AspNetCore.Mvc.Internal.ControllerActionInvoker[2]
      Executed action method WebApplicationCore.Controllers.ValuesController.Get (WebApplicationCore), returned result Microsoft.AspNetCore.Mvc.ObjectResult in 8.8325ms.
info: Microsoft.AspNetCore.Mvc.Infrastructure.ObjectResultExecutor[1]
      Executing ObjectResult, writing value of type 'System.String[]'.
info: Microsoft.AspNetCore.Mvc.Internal.ControllerActionInvoker[2]
      Executed action WebApplicationCore.Controllers.ValuesController.Get (WebApplicationCore) in 119.8866ms
info: Microsoft.AspNetCore.Routing.EndpointMiddleware[1]
      Executed endpoint 'WebApplicationCore.Controllers.ValuesController.Get (WebApplicationCore)'
info: Microsoft.AspNetCore.Hosting.Internal.WebHost[2]
      Request finished in 208.5202ms 200 application/json; charset=utf-8
info: Microsoft.AspNetCore.Hosting.Internal.WebHost[1]
      Request starting HTTP/1.1 GET http://localhost:8050/api/values  
info: Microsoft.AspNetCore.Routing.EndpointMiddleware[0]
      Executing endpoint 'WebApplicationCore.Controllers.ValuesController.Get (WebApplicationCore)'
info: Microsoft.AspNetCore.Mvc.Internal.ControllerActionInvoker[3]
      Route matched with {action = "Get", controller = "Values"}. Executing controller action with signature Microsoft.AspNetCore.Mvc.ActionResult`1[System.Collections.Generic.IEnumerable`1[System.String]] Get() on controller WebApplicationCore.Controllers.ValuesController (WebApplicationCore).
info: Microsoft.AspNetCore.Mvc.Internal.ControllerActionInvoker[1]
      Executing action method WebApplicationCore.Controllers.ValuesController.Get (WebApplicationCore) - Validation state: Valid
info: Microsoft.AspNetCore.Mvc.Internal.ControllerActionInvoker[2]
      Executed action method WebApplicationCore.Controllers.ValuesController.Get (WebApplicationCore), returned result Microsoft.AspNetCore.Mvc.ObjectResult in 2.8947ms.
info: Microsoft.AspNetCore.Mvc.Infrastructure.ObjectResultExecutor[1]
      Executing ObjectResult, writing value of type 'System.String[]'.
info: Microsoft.AspNetCore.Mvc.Internal.ControllerActionInvoker[2]
      Executed action WebApplicationCore.Controllers.ValuesController.Get (WebApplicationCore) in 4.9004ms
info: Microsoft.AspNetCore.Routing.EndpointMiddleware[1]
      Executed endpoint 'WebApplicationCore.Controllers.ValuesController.Get (WebApplicationCore)'
info: Microsoft.AspNetCore.Hosting.Internal.WebHost[2]
      Request finished in 11.989ms 200 application/json; charset=utf-8
info: Microsoft.AspNetCore.Hosting.Internal.WebHost[1]
      Request starting HTTP/1.1 GET http://localhost:8050/api/values  
info: Microsoft.AspNetCore.Routing.EndpointMiddleware[0]
      Executing endpoint 'WebApplicationCore.Controllers.ValuesController.Get (WebApplicationCore)'
info: Microsoft.AspNetCore.Mvc.Internal.ControllerActionInvoker[3]
      Route matched with {action = "Get", controller = "Values"}. Executing controller action with signature Microsoft.AspNetCore.Mvc.ActionResult`1[System.Collections.Generic.IEnumerable`1[System.String]] Get() on controller WebApplicationCore.Controllers.ValuesController (WebApplicationCore).
info: Microsoft.AspNetCore.Mvc.Internal.ControllerActionInvoker[1]
      Executing action method WebApplicationCore.Controllers.ValuesController.Get (WebApplicationCore) - Validation state: Valid
info: Microsoft.AspNetCore.Mvc.Internal.ControllerActionInvoker[2]
      Executed action method WebApplicationCore.Controllers.ValuesController.Get (WebApplicationCore), returned result Microsoft.AspNetCore.Mvc.ObjectResult in 0.7334ms.
info: Microsoft.AspNetCore.Mvc.Infrastructure.ObjectResultExecutor[1]
      Executing ObjectResult, writing value of type 'System.String[]'.
info: Microsoft.AspNetCore.Mvc.Internal.ControllerActionInvoker[2]
      Executed action WebApplicationCore.Controllers.ValuesController.Get (WebApplicationCore) in 1.2213ms
info: Microsoft.AspNetCore.Routing.EndpointMiddleware[1]
      Executed endpoint 'WebApplicationCore.Controllers.ValuesController.Get (WebApplicationCore)'
info: Microsoft.AspNetCore.Hosting.Internal.WebHost[2]
      Request finished in 1.6151ms 200 application/json; charset=utf-8
info: Microsoft.AspNetCore.Hosting.Internal.WebHost[1]
      Request starting HTTP/1.1 GET http://localhost:8050/api/values  
info: Microsoft.AspNetCore.Routing.EndpointMiddleware[0]
      Executing endpoint 'WebApplicationCore.Controllers.ValuesController.Get (WebApplicationCore)'
info: Microsoft.AspNetCore.Mvc.Internal.ControllerActionInvoker[3]
      Route matched with {action = "Get", controller = "Values"}. Executing controller action with signature Microsoft.AspNetCore.Mvc.ActionResult`1[System.Collections.Generic.IEnumerable`1[System.String]] Get() on controller WebApplicationCore.Controllers.ValuesController (WebApplicationCore).
info: Microsoft.AspNetCore.Mvc.Internal.ControllerActionInvoker[1]
      Executing action method WebApplicationCore.Controllers.ValuesController.Get (WebApplicationCore) - Validation state: Valid
info: Microsoft.AspNetCore.Mvc.Internal.ControllerActionInvoker[2]
      Executed action method WebApplicationCore.Controllers.ValuesController.Get (WebApplicationCore), returned result Microsoft.AspNetCore.Mvc.ObjectResult in 1.2577ms.
info: Microsoft.AspNetCore.Mvc.Infrastructure.ObjectResultExecutor[1]
      Executing ObjectResult, writing value of type 'System.String[]'.
info: Microsoft.AspNetCore.Mvc.Internal.ControllerActionInvoker[2]
      Executed action WebApplicationCore.Controllers.ValuesController.Get (WebApplicationCore) in 1.7682ms
info: Microsoft.AspNetCore.Routing.EndpointMiddleware[1]
      Executed endpoint 'WebApplicationCore.Controllers.ValuesController.Get (WebApplicationCore)'
info: Microsoft.AspNetCore.Hosting.Internal.WebHost[2]
      Request finished in 2.365ms 200 application/json; charset=utf-8
info: Microsoft.AspNetCore.Hosting.Internal.WebHost[1]
      Request starting HTTP/1.1 GET http://localhost:8050/api/values  
info: Microsoft.AspNetCore.Routing.EndpointMiddleware[0]
      Executing endpoint 'WebApplicationCore.Controllers.ValuesController.Get (WebApplicationCore)'
info: Microsoft.AspNetCore.Mvc.Internal.ControllerActionInvoker[3]
      Route matched with {action = "Get", controller = "Values"}. Executing controller action with signature Microsoft.AspNetCore.Mvc.ActionResult`1[System.Collections.Generic.IEnumerable`1[System.String]] Get() on controller WebApplicationCore.Controllers.ValuesController (WebApplicationCore).
info: Microsoft.AspNetCore.Mvc.Internal.ControllerActionInvoker[1]
      Executing action method WebApplicationCore.Controllers.ValuesController.Get (WebApplicationCore) - Validation state: Valid
info: Microsoft.AspNetCore.Mvc.Internal.ControllerActionInvoker[2]
      Executed action method WebApplicationCore.Controllers.ValuesController.Get (WebApplicationCore), returned result Microsoft.AspNetCore.Mvc.ObjectResult in 0.9903ms.
info: Microsoft.AspNetCore.Mvc.Infrastructure.ObjectResultExecutor[1]
      Executing ObjectResult, writing value of type 'System.String[]'.
info: Microsoft.AspNetCore.Mvc.Internal.ControllerActionInvoker[2]
      Executed action WebApplicationCore.Controllers.ValuesController.Get (WebApplicationCore) in 1.4935ms
info: Microsoft.AspNetCore.Routing.EndpointMiddleware[1]
      Executed endpoint 'WebApplicationCore.Controllers.ValuesController.Get (WebApplicationCore)'
info: Microsoft.AspNetCore.Hosting.Internal.WebHost[2]
      Request finished in 37.9417ms 200 application/json; charset=utf-8
info: Microsoft.AspNetCore.Hosting.Internal.WebHost[1]
      Request starting HTTP/1.1 OPTIONS http://localhost:8050/api/values  
info: Microsoft.AspNetCore.Hosting.Internal.WebHost[2]
      Request finished in 3.981ms 200 
info: Microsoft.AspNetCore.Hosting.Internal.WebHost[1]
      Request starting HTTP/1.1 GET http://localhost:8050/api/values  
info: Microsoft.AspNetCore.Cors.Infrastructure.CorsService[4]
      CORS policy execution successful.
info: Microsoft.AspNetCore.Routing.EndpointMiddleware[0]
      Executing endpoint 'WebApplicationCore.Controllers.ValuesController.Get (WebApplicationCore)'
info: Microsoft.AspNetCore.Mvc.Internal.ControllerActionInvoker[3]
      Route matched with {action = "Get", controller = "Values"}. Executing controller action with signature Microsoft.AspNetCore.Mvc.ActionResult`1[System.Collections.Generic.IEnumerable`1[System.String]] Get() on controller WebApplicationCore.Controllers.ValuesController (WebApplicationCore).
info: Microsoft.AspNetCore.Mvc.Internal.ControllerActionInvoker[1]
      Executing action method WebApplicationCore.Controllers.ValuesController.Get (WebApplicationCore) - Validation state: Valid
info: Microsoft.AspNetCore.Mvc.Internal.ControllerActionInvoker[2]
      Executed action method WebApplicationCore.Controllers.ValuesController.Get (WebApplicationCore), returned result Microsoft.AspNetCore.Mvc.ObjectResult in 0.7451ms.
info: Microsoft.AspNetCore.Mvc.Infrastructure.ObjectResultExecutor[1]
      Executing ObjectResult, writing value of type 'System.String[]'.
info: Microsoft.AspNetCore.Mvc.Internal.ControllerActionInvoker[2]
      Executed action WebApplicationCore.Controllers.ValuesController.Get (WebApplicationCore) in 1.0564ms
info: Microsoft.AspNetCore.Routing.EndpointMiddleware[1]
      Executed endpoint 'WebApplicationCore.Controllers.ValuesController.Get (WebApplicationCore)'
info: Microsoft.AspNetCore.Hosting.Internal.WebHost[2]
      Request finished in 1.5443ms 200 application/json; charset=utf-8
info: Microsoft.AspNetCore.Hosting.Internal.WebHost[1]
      Request starting HTTP/1.1 OPTIONS http://localhost:8050/api/values  
info: Microsoft.AspNetCore.Hosting.Internal.WebHost[2]
      Request finished in 0.7655ms 200 
info: Microsoft.AspNetCore.Hosting.Internal.WebHost[1]
      Request starting HTTP/1.1 GET http://localhost:8050/api/values  
info: Microsoft.AspNetCore.Cors.Infrastructure.CorsService[4]
      CORS policy execution successful.
info: Microsoft.AspNetCore.Routing.EndpointMiddleware[0]
      Executing endpoint 'WebApplicationCore.Controllers.ValuesController.Get (WebApplicationCore)'
info: Microsoft.AspNetCore.Mvc.Internal.ControllerActionInvoker[3]
      Route matched with {action = "Get", controller = "Values"}. Executing controller action with signature Microsoft.AspNetCore.Mvc.ActionResult`1[System.Collections.Generic.IEnumerable`1[System.String]] Get() on controller WebApplicationCore.Controllers.ValuesController (WebApplicationCore).
info: Microsoft.AspNetCore.Mvc.Internal.ControllerActionInvoker[1]
      Executing action method WebApplicationCore.Controllers.ValuesController.Get (WebApplicationCore) - Validation state: Valid
info: Microsoft.AspNetCore.Mvc.Internal.ControllerActionInvoker[2]
      Executed action method WebApplicationCore.Controllers.ValuesController.Get (WebApplicationCore), returned result Microsoft.AspNetCore.Mvc.ObjectResult in 0.7448ms.
info: Microsoft.AspNetCore.Mvc.Infrastructure.ObjectResultExecutor[1]
      Executing ObjectResult, writing value of type 'System.String[]'.
info: Microsoft.AspNetCore.Mvc.Internal.ControllerActionInvoker[2]
      Executed action WebApplicationCore.Controllers.ValuesController.Get (WebApplicationCore) in 1.0235ms
info: Microsoft.AspNetCore.Routing.EndpointMiddleware[1]
      Executed endpoint 'WebApplicationCore.Controllers.ValuesController.Get (WebApplicationCore)'
info: Microsoft.AspNetCore.Hosting.Internal.WebHost[2]
      Request finished in 1.394ms 200 application/json; charset=utf-8
Application is shutting down...
